<?xml version="1.0" encoding="UTF-8"?>
<!-- Generated by org.testng.reporters.JUnitXMLReporter -->
<testsuite ignored="0" hostname="Mirza-Karim" failures="1" tests="2" name="Test" time="54.483" errors="0" timestamp="2025-03-04T11:35:54 IST">
  <testcase classname="testCases.TC001_AccountRegistrationTest" name="verify_account_registration" time="15.543"/>
  <testcase classname="testCases.TC002_LoginTest" name="verify_login" time="11.504">
    <failure type="java.lang.AssertionError" message="expected [true] but found [false]">
      <![CDATA[java.lang.AssertionError: expected [true] but found [false]
at testCases.TC002_LoginTest.verify_login(TC002_LoginTest.java:32)
at java.base/java.util.ArrayList.forEach(ArrayList.java:1597)
... Removed 29 stack frames]]>
    </failure>
  </testcase> <!-- verify_login -->
</testsuite> <!-- Test -->
